<?xml version="1.0" encoding="UTF-8" ?>
<testsuite tests="16" failures="0" name="nl.sogyo.library.services.AuthorizationRestTest" time="9.938" errors="0" skipped="0">
  <properties>
    <property name="java.runtime.name" value="Java(TM) SE Runtime Environment"/>
    <property name="sun.boot.library.path" value="C:\Program Files\Java\jdk1.8.0_121\jre\bin"/>
    <property name="java.vm.version" value="25.121-b13"/>
    <property name="java.vm.vendor" value="Oracle Corporation"/>
    <property name="maven.multiModuleProjectDirectory" value="C:\Users\rblom\Documents\apache-tomcat\webapps\SogyoLibrary"/>
    <property name="java.vendor.url" value="http://java.oracle.com/"/>
    <property name="path.separator" value=";"/>
    <property name="guice.disable.misplaced.annotation.check" value="true"/>
    <property name="java.vm.name" value="Java HotSpot(TM) 64-Bit Server VM"/>
    <property name="file.encoding.pkg" value="sun.io"/>
    <property name="user.script" value=""/>
    <property name="user.country" value="US"/>
    <property name="sun.java.launcher" value="SUN_STANDARD"/>
    <property name="sun.os.patch.level" value=""/>
    <property name="java.vm.specification.name" value="Java Virtual Machine Specification"/>
    <property name="user.dir" value="C:\Users\rblom\Documents\apache-tomcat\webapps\SogyoLibrary"/>
    <property name="java.runtime.version" value="1.8.0_121-b13"/>
    <property name="java.awt.graphicsenv" value="sun.awt.Win32GraphicsEnvironment"/>
    <property name="java.endorsed.dirs" value="C:\Program Files\Java\jdk1.8.0_121\jre\lib\endorsed"/>
    <property name="os.arch" value="amd64"/>
    <property name="java.io.tmpdir" value="C:\Users\rblom\AppData\Local\Temp\"/>
    <property name="line.separator" value="
"/>
    <property name="java.vm.specification.vendor" value="Oracle Corporation"/>
    <property name="user.variant" value=""/>
    <property name="os.name" value="Windows 10"/>
    <property name="net.sourceforge.cobertura.datafile" value="C:\Users\rblom\Documents\apache-tomcat\webapps\SogyoLibrary\target\cobertura\cobertura.ser"/>
    <property name="classworlds.conf" value="C:\Users\rblom\Documents\apache-tomcat\webapps\.metadata\.plugins\org.eclipse.m2e.launching\launches\m2conf741121579448473605.tmp"/>
    <property name="sun.jnu.encoding" value="Cp1252"/>
    <property name="java.library.path" value="C:\Program Files\Java\jdk1.8.0_121\bin;C:\WINDOWS\Sun\Java\bin;C:\WINDOWS\system32;C:\WINDOWS;C:/Program Files/Java/jdk1.8.0_121/bin/../jre/bin/server;C:/Program Files/Java/jdk1.8.0_121/bin/../jre/bin;C:/Program Files/Java/jdk1.8.0_121/bin/../jre/lib/amd64;C:\WINDOWS\system32;C:\WINDOWS;C:\WINDOWS\System32\Wbem;C:\WINDOWS\System32\WindowsPowerShell\v1.0\;C:\Program Files\Microsoft SQL Server\130\Tools\Binn\;C:\Program Files\Git\cmd;C:\Program Files\Java\jdk1.8.0_121\bin;C:\Program Files\nodejs\;C:\Program Files (x86)\Microsoft SQL Server\110\Tools\Binn\;C:\Program Files (x86)\Microsoft SQL Server\110\DTS\Binn\;C:\Program Files (x86)\Microsoft SQL Server\Client SDK\ODBC\130\Tools\Binn\;C:\Program Files (x86)\Microsoft SQL Server\140\Tools\Binn\;C:\Program Files (x86)\Microsoft SQL Server\140\DTS\Binn\;C:\Program Files (x86)\Microsoft SQL Server\140\Tools\Binn\ManagementStudio\;C:\ProgramData\chocolatey\bin;C:\Program Files\Java\jdk1.8.0_131\bin;C:\Android\android-sdk\tools;C:\Android\android-sdk\platform-tools;C:\Users\rblom\AppData\Local\Microsoft\WindowsApps;C:\Users\rblom\AppData\Local\atom\bin;C:\Users\rblom\AppData\Roaming\npm;C:\Users\rblom\AppData\Local\Microsoft\WindowsApps;C:\Users\rblom\AppData\Local\Programs\Python\Python36-32;C:\Users\rblom\Documents\apache-maven-3.5.0-bin\apache-maven-3.5.0\bin;;C:\WINDOWS\System32;;."/>
    <property name="java.specification.name" value="Java Platform API Specification"/>
    <property name="java.class.version" value="52.0"/>
    <property name="sun.management.compiler" value="HotSpot 64-Bit Tiered Compilers"/>
    <property name="os.version" value="10.0"/>
    <property name="user.home" value="C:\Users\rblom"/>
    <property name="user.timezone" value="Europe/Berlin"/>
    <property name="java.awt.printerjob" value="sun.awt.windows.WPrinterJob"/>
    <property name="java.specification.version" value="1.8"/>
    <property name="file.encoding" value="Cp1252"/>
    <property name="user.name" value="rblom"/>
    <property name="java.class.path" value="/C:/Users/rblom/eclipse/jee-neon/eclipse/../../../.p2/pool/plugins/org.eclipse.m2e.maven.runtime_1.7.0.20160603-1931/jars/plexus-classworlds-2.5.2.jar"/>
    <property name="java.vm.specification.version" value="1.8"/>
    <property name="sun.arch.data.model" value="64"/>
    <property name="java.home" value="C:\Program Files\Java\jdk1.8.0_121\jre"/>
    <property name="sun.java.command" value="org.codehaus.plexus.classworlds.launcher.Launcher -B clean package"/>
    <property name="java.specification.vendor" value="Oracle Corporation"/>
    <property name="user.language" value="en"/>
    <property name="awt.toolkit" value="sun.awt.windows.WToolkit"/>
    <property name="java.vm.info" value="mixed mode"/>
    <property name="java.version" value="1.8.0_121"/>
    <property name="java.ext.dirs" value="C:\Program Files\Java\jdk1.8.0_121\jre\lib\ext;C:\WINDOWS\Sun\Java\lib\ext"/>
    <property name="sun.boot.class.path" value="C:\Program Files\Java\jdk1.8.0_121\jre\lib\resources.jar;C:\Program Files\Java\jdk1.8.0_121\jre\lib\rt.jar;C:\Program Files\Java\jdk1.8.0_121\jre\lib\sunrsasign.jar;C:\Program Files\Java\jdk1.8.0_121\jre\lib\jsse.jar;C:\Program Files\Java\jdk1.8.0_121\jre\lib\jce.jar;C:\Program Files\Java\jdk1.8.0_121\jre\lib\charsets.jar;C:\Program Files\Java\jdk1.8.0_121\jre\lib\jfr.jar;C:\Program Files\Java\jdk1.8.0_121\jre\classes"/>
    <property name="java.vendor" value="Oracle Corporation"/>
    <property name="maven.home" value="C:\Users\rblom\Documents\apache-tomcat\webapps\SogyoLibrary\EMBEDDED"/>
    <property name="file.separator" value="\"/>
    <property name="java.vendor.url.bug" value="http://bugreport.sun.com/bugreport/"/>
    <property name="sun.cpu.endian" value="little"/>
    <property name="sun.io.unicode.encoding" value="UnicodeLittle"/>
    <property name="project.build.outputDirectory" value="C:\Users\rblom\Documents\apache-tomcat\webapps\SogyoLibrary\target\generated-classes\cobertura"/>
    <property name="sun.desktop" value="windows"/>
    <property name="sun.cpu.isalist" value="amd64"/>
  </properties>
  <testcase classname="nl.sogyo.library.services.AuthorizationRestTest" name="addingBookWithFakeIdTokenGivesCommandSucceededIsFalse" time="1.161"/>
  <testcase classname="nl.sogyo.library.services.AuthorizationRestTest" name="addingBookWithIdTokenWithUserType2GivesCommandSucceededIsTrue" time="2.49"/>
  <testcase classname="nl.sogyo.library.services.AuthorizationRestTest" name="getRequestForBookInfoWithIdTokenWithUserType2GivesBookInfo" time="0.338"/>
  <testcase classname="nl.sogyo.library.services.AuthorizationRestTest" name="addingBookWithIdTokenWithUserType2GivesCommandSucceededIsTrueDeletingWithIdToken1GivesCommandSucceededIsFalseDeletingBookWithIdTokenWithUserType2GivesCommandSucceededIsTrue" time="0.725"/>
  <testcase classname="nl.sogyo.library.services.AuthorizationRestTest" name="getRequestForBookInfoWithIdTokenWithUserType1GivesBookInfo" time="0.243"/>
  <testcase classname="nl.sogyo.library.services.AuthorizationRestTest" name="addingBookWithIdTokenWithUserType2GivesCommandSucceededIsTrueDeletingBookWithIdTokenWithUserType2GivesCommandSucceededIsTrue" time="0.477"/>
  <testcase classname="nl.sogyo.library.services.AuthorizationRestTest" name="getRequestForBookInfoWithNoIdTokenGivesNoBookInfo" time="0.109"/>
  <testcase classname="nl.sogyo.library.services.AuthorizationRestTest" name="addingBookWithIdTokenWithUserType2GivesCommandSucceededIsTrueDeletingWithNoIdTokenGivesCommandSucceededIsFalseDeletingBookWithIdTokenWithUserType2GivesCommandSucceededIsTrue" time="0.384"/>
  <testcase classname="nl.sogyo.library.services.AuthorizationRestTest" name="addingBookWithIdTokenWithUserType2GivesCommandSucceededIsTrueEditingWithIdToken1GivesCommandSucceededIsFalseDeletingBookWithIdTokenWithUserType2GivesCommandSucceededIsTrue" time="0.459"/>
  <testcase classname="nl.sogyo.library.services.AuthorizationRestTest" name="addingBookWithIdTokenWithUserType2GivesCommandSucceededIsTrueEditingWithFakeIdTokenGivesCommandSucceededIsFalseDeletingBookWithIdTokenWithUserType2GivesCommandSucceededIsTrue" time="0.398"/>
  <testcase classname="nl.sogyo.library.services.AuthorizationRestTest" name="addingBookWithIdTokenWithUserType1GivesCommandSucceededIsFalse" time="0.468"/>
  <testcase classname="nl.sogyo.library.services.AuthorizationRestTest" name="addingBookWithIdTokenWithUserType2GivesCommandSucceededIsTrueEditingWithIdToken2GivesCommandSucceededIsTrueDeletingBookWithIdTokenWithUserType2GivesCommandSucceededIsTrue" time="1.04"/>
  <testcase classname="nl.sogyo.library.services.AuthorizationRestTest" name="getRequestForBookInfoWithFakeIdTokenGivesNoBookInfo" time="0.064"/>
  <testcase classname="nl.sogyo.library.services.AuthorizationRestTest" name="addingBookWithIdTokenWithUserType2GivesCommandSucceededIsTrueEditingWithNoIdTokenGivesCommandSucceededIsFalseDeletingBookWithIdTokenWithUserType2GivesCommandSucceededIsTrue" time="0.716"/>
  <testcase classname="nl.sogyo.library.services.AuthorizationRestTest" name="addingBookWithIdTokenWithUserType2GivesCommandSucceededIsTrueDeletingWithFakeIdTokenGivesCommandSucceededIsFalseDeletingBookWithIdTokenWithUserType2GivesCommandSucceededIsTrue" time="0.787"/>
  <testcase classname="nl.sogyo.library.services.AuthorizationRestTest" name="addingBookWithNoIdTokenGivesCommandSucceededIsFalse" time="0.079"/>
</testsuite>