<?xml version="1.0" encoding="UTF-8" ?>
<testsuite tests="11" failures="0" name="nl.sogyo.library.services.BooksQueryRestTest" time="5.699" errors="0" skipped="0">
  <properties>
    <property name="java.runtime.name" value="Java(TM) SE Runtime Environment"/>
    <property name="sun.boot.library.path" value="C:\Program Files\Java\jdk1.8.0_131\jre\bin"/>
    <property name="java.vm.version" value="25.131-b11"/>
    <property name="java.vm.vendor" value="Oracle Corporation"/>
    <property name="maven.multiModuleProjectDirectory" value="C:\Users\rblom\Documents\apache-tomcat\webapps\SogyoLibrary"/>
    <property name="java.vendor.url" value="http://java.oracle.com/"/>
    <property name="path.separator" value=";"/>
    <property name="guice.disable.misplaced.annotation.check" value="true"/>
    <property name="java.vm.name" value="Java HotSpot(TM) 64-Bit Server VM"/>
    <property name="file.encoding.pkg" value="sun.io"/>
    <property name="user.script" value=""/>
    <property name="user.country" value="US"/>
    <property name="sun.java.launcher" value="SUN_STANDARD"/>
    <property name="sun.os.patch.level" value=""/>
    <property name="java.vm.specification.name" value="Java Virtual Machine Specification"/>
    <property name="user.dir" value="C:\Users\rblom\Documents\apache-tomcat\webapps\SogyoLibrary"/>
    <property name="java.runtime.version" value="1.8.0_131-b11"/>
    <property name="java.awt.graphicsenv" value="sun.awt.Win32GraphicsEnvironment"/>
    <property name="java.endorsed.dirs" value="C:\Program Files\Java\jdk1.8.0_131\jre\lib\endorsed"/>
    <property name="os.arch" value="amd64"/>
    <property name="java.io.tmpdir" value="C:\Users\rblom\AppData\Local\Temp\"/>
    <property name="line.separator" value="
"/>
    <property name="java.vm.specification.vendor" value="Oracle Corporation"/>
    <property name="user.variant" value=""/>
    <property name="os.name" value="Windows 10"/>
    <property name="net.sourceforge.cobertura.datafile" value="C:\Users\rblom\Documents\apache-tomcat\webapps\SogyoLibrary\target\cobertura\cobertura.ser"/>
    <property name="classworlds.conf" value="C:\Users\rblom\Documents\apache-maven-3.5.0-bin\apache-maven-3.5.0\bin\..\bin\m2.conf"/>
    <property name="sun.jnu.encoding" value="Cp1252"/>
    <property name="java.library.path" value="C:\Program Files\Java\jdk1.8.0_131\bin;C:\WINDOWS\Sun\Java\bin;C:\WINDOWS\system32;C:\WINDOWS;C:\WINDOWS\system32;C:\WINDOWS;C:\WINDOWS\System32\Wbem;C:\WINDOWS\System32\WindowsPowerShell\v1.0\;C:\Program Files\Microsoft SQL Server\130\Tools\Binn\;C:\Program Files\Git\cmd;C:\Program Files\Java\jdk1.8.0_121\bin;C:\Program Files\nodejs\;C:\Program Files (x86)\Microsoft SQL Server\110\Tools\Binn\;C:\Program Files (x86)\Microsoft SQL Server\110\DTS\Binn\;C:\Program Files (x86)\Microsoft SQL Server\Client SDK\ODBC\130\Tools\Binn\;C:\Program Files (x86)\Microsoft SQL Server\140\Tools\Binn\;C:\Program Files (x86)\Microsoft SQL Server\140\DTS\Binn\;C:\Program Files (x86)\Microsoft SQL Server\140\Tools\Binn\ManagementStudio\;C:\ProgramData\chocolatey\bin;C:\Program Files\Java\jdk1.8.0_131\bin;C:\Android\android-sdk\tools;C:\Android\android-sdk\platform-tools;C:\Users\rblom\AppData\Local\Microsoft\WindowsApps;C:\Users\rblom\AppData\Local\atom\bin;C:\Users\rblom\AppData\Roaming\npm;C:\Users\rblom\AppData\Local\Microsoft\WindowsApps;C:\Users\rblom\AppData\Local\Programs\Python\Python36-32;C:\Users\rblom\Documents\apache-maven-3.5.0-bin\apache-maven-3.5.0\bin;;."/>
    <property name="maven.conf" value="C:\Users\rblom\Documents\apache-maven-3.5.0-bin\apache-maven-3.5.0\bin\../conf"/>
    <property name="java.specification.name" value="Java Platform API Specification"/>
    <property name="java.class.version" value="52.0"/>
    <property name="sun.management.compiler" value="HotSpot 64-Bit Tiered Compilers"/>
    <property name="os.version" value="10.0"/>
    <property name="library.jansi.path" value="C:\Users\rblom\Documents\apache-maven-3.5.0-bin\apache-maven-3.5.0\bin\..\lib\jansi-native\windows64"/>
    <property name="user.home" value="C:\Users\rblom"/>
    <property name="user.timezone" value="Europe/Berlin"/>
    <property name="java.awt.printerjob" value="sun.awt.windows.WPrinterJob"/>
    <property name="java.specification.version" value="1.8"/>
    <property name="file.encoding" value="Cp1252"/>
    <property name="user.name" value="rblom"/>
    <property name="java.class.path" value="C:\Users\rblom\Documents\apache-maven-3.5.0-bin\apache-maven-3.5.0\bin\..\boot\plexus-classworlds-2.5.2.jar"/>
    <property name="java.vm.specification.version" value="1.8"/>
    <property name="sun.arch.data.model" value="64"/>
    <property name="java.home" value="C:\Program Files\Java\jdk1.8.0_131\jre"/>
    <property name="sun.java.command" value="org.codehaus.plexus.classworlds.launcher.Launcher compile"/>
    <property name="java.specification.vendor" value="Oracle Corporation"/>
    <property name="user.language" value="en"/>
    <property name="awt.toolkit" value="sun.awt.windows.WToolkit"/>
    <property name="java.vm.info" value="mixed mode"/>
    <property name="java.version" value="1.8.0_131"/>
    <property name="java.ext.dirs" value="C:\Program Files\Java\jdk1.8.0_131\jre\lib\ext;C:\WINDOWS\Sun\Java\lib\ext"/>
    <property name="sun.boot.class.path" value="C:\Program Files\Java\jdk1.8.0_131\jre\lib\resources.jar;C:\Program Files\Java\jdk1.8.0_131\jre\lib\rt.jar;C:\Program Files\Java\jdk1.8.0_131\jre\lib\sunrsasign.jar;C:\Program Files\Java\jdk1.8.0_131\jre\lib\jsse.jar;C:\Program Files\Java\jdk1.8.0_131\jre\lib\jce.jar;C:\Program Files\Java\jdk1.8.0_131\jre\lib\charsets.jar;C:\Program Files\Java\jdk1.8.0_131\jre\lib\jfr.jar;C:\Program Files\Java\jdk1.8.0_131\jre\classes"/>
    <property name="sun.stderr.encoding" value="cp850"/>
    <property name="java.vendor" value="Oracle Corporation"/>
    <property name="maven.home" value="C:\Users\rblom\Documents\apache-maven-3.5.0-bin\apache-maven-3.5.0\bin\.."/>
    <property name="file.separator" value="\"/>
    <property name="java.vendor.url.bug" value="http://bugreport.sun.com/bugreport/"/>
    <property name="sun.cpu.endian" value="little"/>
    <property name="sun.io.unicode.encoding" value="UnicodeLittle"/>
    <property name="project.build.outputDirectory" value="C:\Users\rblom\Documents\apache-tomcat\webapps\SogyoLibrary\target\generated-classes\cobertura"/>
    <property name="sun.stdout.encoding" value="cp850"/>
    <property name="sun.desktop" value="windows"/>
    <property name="sun.cpu.isalist" value="amd64"/>
  </properties>
  <testcase classname="nl.sogyo.library.services.BooksQueryRestTest" name="searchForBooksOfArshakKhachatrianGivesGettingStartedWithPolymer" time="0.458"/>
  <testcase classname="nl.sogyo.library.services.BooksQueryRestTest" name="searchForBooksOfArshakGivesGettingStartedWithPolymer" time="0.832"/>
  <testcase classname="nl.sogyo.library.services.BooksQueryRestTest" name="searchForTitlePolymerGivesGettingStartedPolymerInJson" time="0.474"/>
  <testcase classname="nl.sogyo.library.services.BooksQueryRestTest" name="searchForBooksOfNotExistingAuthorGivesEmptyArray" time="0.559"/>
  <testcase classname="nl.sogyo.library.services.BooksQueryRestTest" name="searchForBooksWithExistingIsbnGivesJsonOfBook" time="0.571"/>
  <testcase classname="nl.sogyo.library.services.BooksQueryRestTest" name="searchForBooksWithTitlesWithAGivesStatus200" time="0.526"/>
  <testcase classname="nl.sogyo.library.services.BooksQueryRestTest" name="searchForNotExistingWordInAnyTitleGivesEmptyArray" time="0.431"/>
  <testcase classname="nl.sogyo.library.services.BooksQueryRestTest" name="searchForBooksWithoutQueryValuesGivesEmptyArray" time="0.476"/>
  <testcase classname="nl.sogyo.library.services.BooksQueryRestTest" name="searchForExactlyTheSameTitleGivesTheBookInJson" time="0.417"/>
  <testcase classname="nl.sogyo.library.services.BooksQueryRestTest" name="searchForBooksOfNotExistingForenameAndSurnameGivesEmptyArray" time="0.56"/>
  <testcase classname="nl.sogyo.library.services.BooksQueryRestTest" name="searchForBooksWithNotExistingIsbnGivesEmptyArray" time="0.395"/>
</testsuite>